2019-11-21 13:11:396 INFO  TestBase:135 - Initialize Web driver: 418179060
2019-11-21 13:11:399 INFO  WaitHelper:31 - WaitHelper object created..
2019-11-21 13:11:399 INFO  WaitHelper:41 - Implicit Wait has been set to: 120
2019-11-21 13:11:407 INFO  WaitHelper:144 - waiting for page to load for : SECONDS seconds
2019-11-21 13:11:413 INFO  WaitHelper:146 - page is loaded
2019-11-21 13:11:573 INFO  TestBase:76 - **************testLoginStarted***************
2019-11-21 13:11:579 INFO  AssertionHelper:22 - making script PASS..
2019-11-21 13:11:584 INFO  TestBase:94 - **************testLoginFinished***************
2019-11-21 13:11:930 INFO  TestBase:76 - **************testLogin1Started***************
2019-11-21 13:11:932 INFO  AssertionHelper:32 - making script FAIL..
2019-11-21 13:11:298 INFO  TestBase:94 - **************testLogin1Finished***************
2019-11-21 13:11:344 INFO  TestBase:76 - **************testLogin2Started***************
2019-11-21 13:11:345 INFO  AssertionHelper:22 - making script PASS..
2019-11-21 13:11:346 INFO  TestBase:94 - **************testLogin2Finished***************
2019-11-21 13:11:384 INFO  TestBase:76 - **************testLogin3Started***************
2019-11-21 13:11:385 INFO  AssertionHelper:32 - making script FAIL..
2019-11-21 13:11:695 INFO  TestBase:94 - **************testLogin3Finished***************
2019-11-21 13:11:729 INFO  TestBase:76 - **************testLoginStarted***************
2019-11-21 13:11:730 INFO  AssertionHelper:22 - making script PASS..
2019-11-21 13:11:731 INFO  TestBase:94 - **************testLoginFinished***************
2019-11-21 13:11:766 INFO  TestBase:76 - **************testLogin1Started***************
2019-11-21 13:11:767 INFO  AssertionHelper:32 - making script FAIL..
2019-11-21 13:11:769 INFO  TestBase:144 - driver is null..
2019-11-21 13:11:769 INFO  TestBase:94 - **************testLogin1Finished***************
2019-11-21 13:11:812 INFO  TestBase:76 - **************testLogin2Started***************
2019-11-21 13:11:813 INFO  AssertionHelper:22 - making script PASS..
2019-11-21 13:11:816 INFO  TestBase:94 - **************testLogin2Finished***************
2019-11-21 13:11:855 INFO  TestBase:76 - **************testLogin3Started***************
2019-11-21 13:11:856 INFO  AssertionHelper:32 - making script FAIL..
2019-11-21 13:11:859 INFO  TestBase:144 - driver is null..
2019-11-21 13:11:860 INFO  TestBase:94 - **************testLogin3Finished***************
2019-11-21 13:11:901 INFO  TestBase:76 - **************testRegistrationStarted***************
2019-11-21 13:11:905 INFO  TestBase:144 - driver is null..
2019-11-21 13:11:905 INFO  TestBase:94 - **************testRegistrationFinished***************
2019-11-21 13:11:944 INFO  TestBase:76 - **************testVerifyProductCountsStarted***************
2019-11-21 13:11:970 INFO  WaitHelper:31 - WaitHelper object created..
2019-11-21 13:11:973 INFO  TestBase:144 - driver is null..
2019-11-21 13:11:973 INFO  TestBase:94 - **************testVerifyProductCountsFinished***************
2019-11-21 13:11:20 INFO  TestBase:76 - **************testLoginToApplicationStarted***************
2019-11-21 13:11:23 INFO  TestBase:144 - driver is null..
2019-11-21 13:11:23 INFO  TestBase:94 - **************testLoginToApplicationFinished***************
2019-11-21 13:11:63 INFO  TestBase:76 - **************testLoginAStarted***************
2019-11-21 13:11:66 INFO  TestBase:94 - **************testLoginAFinished***************
2019-11-21 13:11:112 INFO  TestBase:76 - **************testLoginCStarted***************
2019-11-21 13:11:116 INFO  TestBase:144 - driver is null..
2019-11-21 13:11:116 INFO  TestBase:94 - **************testLoginCFinished***************
2019-11-21 13:11:179 INFO  TestBase:76 - **************verifyLowestFirstPriceListInProduct_deatilsPageStarted***************
2019-11-21 13:11:182 INFO  TestBase:144 - driver is null..
2019-11-21 13:11:182 INFO  TestBase:94 - **************verifyLowestFirstPriceListInProduct_deatilsPageFinished***************
2019-11-21 13:11:249 INFO  TestBase:190 - excel location C:\Users\jlerona\Selenium-eclipse-workspace\latestPageObjectModelFramework-master/src/main/resources/configfile/testData.xlsx
2019-11-21 13:11:757 INFO  TestBase:76 - **************testVerifyInformationLinkTextStarted***************
2019-11-21 13:11:759 INFO  TestBase:94 - **************testVerifyInformationLinkTextFinished***************
2019-11-21 13:11:792 INFO  TestBase:76 - **************testLoginBStarted***************
2019-11-21 13:11:797 INFO  TestBase:144 - driver is null..
2019-11-21 13:11:797 INFO  TestBase:94 - **************testLoginBFinished***************
2019-11-21 14:11:889 INFO  TestBase:135 - Initialize Web driver: 1237912220
2019-11-21 14:11:904 INFO  WaitHelper:31 - WaitHelper object created..
2019-11-21 14:11:904 INFO  WaitHelper:41 - Implicit Wait has been set to: 120
2019-11-21 14:11:922 INFO  WaitHelper:144 - waiting for page to load for : SECONDS seconds
2019-11-21 14:11:926 INFO  WaitHelper:146 - page is loaded
2019-11-21 14:11:127 INFO  TestBase:76 - **************testRegistrationStarted***************
2019-11-21 14:11:823 INFO  WaitHelper:31 - WaitHelper object created..
2019-11-21 14:11:864 INFO  WaitHelper:156 - waiting for :[[ChromeDriver: chrome on XP (e356925bdcc3678956ce26a29568cd33)] -> xpath: //*[@id='header']/div[2]/div/div/nav/div[1]/a] for :200 seconds
2019-11-21 14:11:895 INFO  WaitHelper:159 - element is visible now
2019-11-21 14:11:895 INFO  TestBase:168 - capturing ui navigation screen...
2019-11-21 14:11:897 INFO  JavaScriptHelper:22 - JavaScriptHelper has been initialised
2019-11-21 14:11:363 INFO  JavaScriptHelper:22 - JavaScriptHelper has been initialised
2019-11-21 14:11:387 INFO  LoginPage:69 - clicked on sign in link...
2019-11-21 14:11:659 INFO  LoginPage:102 - entering registration email..1574317619659@gmail.com
2019-11-21 14:11:877 INFO  WaitHelper:31 - WaitHelper object created..
2019-11-21 14:11:459 INFO  WaitHelper:156 - waiting for :[[ChromeDriver: chrome on XP (e356925bdcc3678956ce26a29568cd33)] -> xpath: //*[@id='id_gender1']] for :200 seconds
2019-11-21 14:11:488 INFO  WaitHelper:159 - element is visible now
2019-11-21 14:11:490 INFO  TestBase:168 - capturing ui navigation screen...
2019-11-21 14:11:490 INFO  JavaScriptHelper:22 - JavaScriptHelper has been initialised
2019-11-21 14:11:826 INFO  JavaScriptHelper:22 - JavaScriptHelper has been initialised
2019-11-21 14:11:843 INFO  RegistrationPage:105 - selecting mr checkbox..
2019-11-21 14:11:906 INFO  RegistrationPage:117 - entering firstName..firstName
2019-11-21 14:11:14 INFO  RegistrationPage:123 - entering lastname..lastname
2019-11-21 14:11:161 INFO  RegistrationPage:135 - entering password..password
2019-11-21 14:11:240 INFO  RegistrationPage:203 - entering address..address
2019-11-21 14:11:723 INFO  RegistrationPage:185 - entering yourAddressFirstName..yourAddressFirstName
2019-11-21 14:11:860 INFO  RegistrationPage:191 - entering yourAddressLastName..yourAddressLastName
2019-11-21 14:11:983 INFO  RegistrationPage:197 - entering yourAddressCompany..yourAddressCompany
2019-11-21 14:11:105 INFO  RegistrationPage:215 - entering yourAddressCity..yourAddressCity
2019-11-21 14:11:227 INFO  RegistrationPage:221 - entering yourAddressState..Alaska
2019-11-21 14:11:328 INFO  RegistrationPage:227 - entering yourAddressPostCode..99501
2019-11-21 14:11:403 INFO  RegistrationPage:245 - entering mobilePhone..9999999999
2019-11-21 14:11:493 INFO  RegistrationPage:251 - entering addressAlias..addressAlias
2019-11-21 14:11:600 INFO  RegistrationPage:257 - clicked on registration..[[ChromeDriver: chrome on XP (e356925bdcc3678956ce26a29568cd33)] -> xpath: //*[@id='submitAccount']]
2019-11-21 14:11:602 INFO  WaitHelper:31 - WaitHelper object created..
2019-11-21 14:11:615 INFO  WaitHelper:156 - waiting for :[[ChromeDriver: chrome on XP (e356925bdcc3678956ce26a29568cd33)] -> xpath: //*[contains(text(),'Order history and details')]] for :200 seconds
2019-11-21 14:11:638 INFO  WaitHelper:159 - element is visible now
2019-11-21 14:11:638 INFO  TestBase:168 - capturing ui navigation screen...
2019-11-21 14:11:639 INFO  JavaScriptHelper:22 - JavaScriptHelper has been initialised
2019-11-21 14:11:104 INFO  JavaScriptHelper:22 - JavaScriptHelper has been initialised
2019-11-21 14:11:164 INFO  VerificationHelper:26 - element is Displayed..Welcome to your account. Here you can manage all of your personal information and orders.
2019-11-21 14:11:186 INFO  TestBase:94 - **************testRegistrationFinished***************
2019-11-21 14:11:235 INFO  TestBase:135 - Initialize Web driver: 1237912220
2019-11-21 14:11:239 INFO  WaitHelper:31 - WaitHelper object created..
2019-11-21 14:11:239 INFO  WaitHelper:41 - Implicit Wait has been set to: 120
2019-11-21 14:11:244 INFO  WaitHelper:144 - waiting for page to load for : SECONDS seconds
2019-11-21 14:11:248 INFO  WaitHelper:146 - page is loaded
2019-11-21 14:11:465 INFO  TestBase:76 - **************verifyLowestFirstPriceListInProduct_deatilsPageStarted***************
2019-11-21 14:11:456 INFO  WaitHelper:31 - WaitHelper object created..
2019-11-21 14:11:471 INFO  WaitHelper:156 - waiting for :[[ChromeDriver: chrome on XP (7590abfad8bfd5cc7b5a05c4713dc042)] -> xpath: //*[@id='block_top_menu']/ul/li[1]/a] for :200 seconds
2019-11-21 14:11:519 INFO  WaitHelper:159 - element is visible now
2019-11-21 14:11:520 INFO  TestBase:168 - capturing ui navigation screen...
2019-11-21 14:11:524 INFO  JavaScriptHelper:22 - JavaScriptHelper has been initialised
2019-11-21 14:11:949 INFO  JavaScriptHelper:22 - JavaScriptHelper has been initialised
2019-11-21 14:11:994 INFO  NavigationMenu:61 - clickin on : WOMEN
2019-11-21 14:11:254 INFO  WaitHelper:31 - WaitHelper object created..
2019-11-21 14:11:272 INFO  WaitHelper:156 - waiting for :[[ChromeDriver: chrome on XP (7590abfad8bfd5cc7b5a05c4713dc042)] -> xpath: //*[@id='layered_block_left']/p] for :200 seconds
2019-11-21 14:11:293 INFO  WaitHelper:159 - element is visible now
2019-11-21 14:11:294 INFO  TestBase:168 - capturing ui navigation screen...
2019-11-21 14:11:294 INFO  JavaScriptHelper:22 - JavaScriptHelper has been initialised
2019-11-21 14:11:724 INFO  JavaScriptHelper:22 - JavaScriptHelper has been initialised
2019-11-21 14:11:755 INFO  DropDownHelper:25 - DropDownHelper object created..
2019-11-21 14:11:791 INFO  DropDownHelper:42 - selectUsingVisibleText and visibleText is: Price: Lowest first
2019-11-21 14:11:925 INFO  ProductCategoryPage:168 - 16.51
2019-11-21 14:11:956 INFO  ProductCategoryPage:168 - 27.00
2019-11-21 14:11:989 INFO  ProductCategoryPage:168 - 26.00
2019-11-21 14:11:01 INFO  ProductCategoryPage:168 - 50.99
2019-11-21 14:11:15 INFO  ProductCategoryPage:168 - 28.98
2019-11-21 14:11:24 INFO  ProductCategoryPage:168 - 30.50
2019-11-21 14:11:41 INFO  ProductCategoryPage:168 - 16.40
2019-11-21 14:11:57 INFO  ProductCategoryPage:152 - obj.get(i)..16
2019-11-21 14:11:57 INFO  ProductCategoryPage:153 - obj.get(i+1)..27
2019-11-21 14:11:57 INFO  ProductCategoryPage:155 - price filter is not working
2019-11-21 14:11:384 INFO  TestBase:94 - **************verifyLowestFirstPriceListInProduct_deatilsPageFinished***************
2019-11-21 14:11:140 INFO  TestBase:135 - Initialize Web driver: 1237912220
2019-11-21 14:11:154 INFO  WaitHelper:31 - WaitHelper object created..
2019-11-21 14:11:155 INFO  WaitHelper:41 - Implicit Wait has been set to: 120
2019-11-21 14:11:187 INFO  WaitHelper:144 - waiting for page to load for : SECONDS seconds
2019-11-21 14:11:203 INFO  WaitHelper:146 - page is loaded
2019-11-21 14:11:384 INFO  TestBase:76 - **************verifyLowestFirstPriceListInProduct_deatilsPageStarted***************
2019-11-21 14:11:736 INFO  WaitHelper:31 - WaitHelper object created..
2019-11-21 14:11:758 INFO  WaitHelper:156 - waiting for :[[ChromeDriver: chrome on XP (5d94c7d007e0e3c43d03f476d24d10b4)] -> xpath: //*[@id='block_top_menu']/ul/li[1]/a] for :200 seconds
2019-11-21 14:11:806 INFO  WaitHelper:159 - element is visible now
2019-11-21 14:11:806 INFO  TestBase:168 - capturing ui navigation screen...
2019-11-21 14:11:808 INFO  JavaScriptHelper:22 - JavaScriptHelper has been initialised
2019-11-21 14:11:269 INFO  JavaScriptHelper:22 - JavaScriptHelper has been initialised
2019-11-21 16:11:931 INFO  ExtentListener:30 - A Class Started..
2019-11-21 16:11:139 INFO  TestBase:135 - Initialize Web driver: 1834361038
2019-11-21 16:11:142 INFO  WaitHelper:31 - WaitHelper object created..
2019-11-21 16:11:142 INFO  WaitHelper:41 - Implicit Wait has been set to: 120
2019-11-21 16:11:148 INFO  WaitHelper:144 - waiting for page to load for : SECONDS seconds
2019-11-21 16:11:156 INFO  WaitHelper:146 - page is loaded
2019-11-21 16:11:314 INFO  TestBase:76 - **************testLoginAStarted***************
2019-11-21 16:11:324 INFO  ExtentListener:53 - testLoginA Test Started..
2019-11-21 16:11:331 INFO  ExtentListener:59 - testLoginA Test Passed..
2019-11-21 16:11:336 INFO  TestBase:94 - **************testLoginAFinished***************
2019-11-21 16:11:856 INFO  ExtentListener:22 - A Test Finished..
2019-11-21 16:11:875 INFO  ExtentListener:30 - B Class Started..
2019-11-21 16:11:129 INFO  TestBase:135 - Initialize Web driver: 1573605215
2019-11-21 16:11:130 INFO  WaitHelper:31 - WaitHelper object created..
2019-11-21 16:11:131 INFO  WaitHelper:41 - Implicit Wait has been set to: 120
2019-11-21 16:11:135 INFO  WaitHelper:144 - waiting for page to load for : SECONDS seconds
2019-11-21 16:11:139 INFO  WaitHelper:146 - page is loaded
2019-11-21 16:11:259 INFO  TestBase:76 - **************testLoginBStarted***************
2019-11-21 16:11:260 INFO  ExtentListener:53 - testLoginB Test Started..
2019-11-21 16:11:269 ERROR ExtentListener:41 - testLoginB Test Failed..java.lang.AssertionError: did not expect to find [true] but found [false]
2019-11-21 16:11:600 INFO  TestBase:94 - **************testLoginBFinished***************
2019-11-21 16:11:884 INFO  ExtentListener:22 - B Test Finished..
2019-11-21 16:11:902 INFO  ExtentListener:30 - C Class Started..
2019-11-21 16:11:171 INFO  TestBase:135 - Initialize Web driver: 974308356
2019-11-21 16:11:171 INFO  WaitHelper:31 - WaitHelper object created..
2019-11-21 16:11:172 INFO  WaitHelper:41 - Implicit Wait has been set to: 120
2019-11-21 16:11:176 INFO  WaitHelper:144 - waiting for page to load for : SECONDS seconds
2019-11-21 16:11:179 INFO  WaitHelper:146 - page is loaded
2019-11-21 16:11:300 INFO  TestBase:76 - **************testLoginCStarted***************
2019-11-21 16:11:301 INFO  ExtentListener:53 - testLoginC Test Started..
2019-11-21 16:11:304 ERROR ExtentListener:41 - testLoginC Test Failed..java.lang.AssertionError: did not expect to find [true] but found [false]
2019-11-21 16:11:626 INFO  TestBase:94 - **************testLoginCFinished***************
2019-11-21 16:11:537 INFO  ExtentListener:22 - C Test Finished..
2020-02-19 09:02:580 INFO  TestBase:135 - Initialize Web driver: 1237912220
2020-02-19 09:02:585 INFO  WaitHelper:31 - WaitHelper object created..
2020-02-19 09:02:585 INFO  WaitHelper:41 - Implicit Wait has been set to: 120
2020-02-19 09:02:598 INFO  WaitHelper:144 - waiting for page to load for : SECONDS seconds
2020-02-19 09:02:602 INFO  WaitHelper:146 - page is loaded
2020-02-19 09:02:778 INFO  TestBase:76 - **************testLoginAStarted***************
2020-02-19 09:02:795 INFO  TestBase:94 - **************testLoginAFinished***************
2020-02-19 09:02:511 INFO  TestBase:135 - Initialize Web driver: 98826337
2020-02-19 09:02:515 INFO  WaitHelper:31 - WaitHelper object created..
2020-02-19 09:02:515 INFO  WaitHelper:41 - Implicit Wait has been set to: 120
2020-02-19 09:02:521 INFO  WaitHelper:144 - waiting for page to load for : SECONDS seconds
2020-02-19 09:02:524 INFO  WaitHelper:146 - page is loaded
2020-02-19 09:02:707 INFO  TestBase:76 - **************testLoginToApplicationStarted***************
2020-02-19 09:02:790 INFO  WaitHelper:31 - WaitHelper object created..
2020-02-19 09:02:810 INFO  WaitHelper:156 - waiting for :[[ChromeDriver: chrome on XP (bdf11fc20afcfeabcdb2bc054be5043d)] -> xpath: //*[@id='header']/div[2]/div/div/nav/div[1]/a] for :200 seconds
2020-02-19 09:02:846 INFO  WaitHelper:159 - element is visible now
2020-02-19 09:02:846 INFO  TestBase:168 - capturing ui navigation screen...
2020-02-19 09:02:848 INFO  JavaScriptHelper:22 - JavaScriptHelper has been initialised
2020-02-19 09:02:313 INFO  JavaScriptHelper:22 - JavaScriptHelper has been initialised
2020-02-19 09:02:336 INFO  LoginPage:69 - clicked on sign in link...
2020-02-19 09:02:820 INFO  LoginPage:75 - entering email address....1529686406836@gmail.com
2020-02-19 09:02:982 INFO  LoginPage:81 - entering password....password
2020-02-19 09:02:118 INFO  LoginPage:87 - clicking on submit button...
2020-02-19 09:02:120 INFO  JavaScriptHelper:22 - JavaScriptHelper has been initialised
2020-02-19 09:02:121 INFO  JavaScriptHelper:88 - scrolling down vertically...
2020-02-19 09:02:233 INFO  WaitHelper:31 - WaitHelper object created..
2020-02-19 09:02:275 INFO  WaitHelper:156 - waiting for :[[ChromeDriver: chrome on XP (bdf11fc20afcfeabcdb2bc054be5043d)] -> xpath: //*[@id='block_top_menu']/ul/li[1]/a] for :200 seconds
2020-02-19 09:02:298 INFO  WaitHelper:159 - element is visible now
2020-02-19 09:02:298 INFO  TestBase:168 - capturing ui navigation screen...
2020-02-19 09:02:299 INFO  JavaScriptHelper:22 - JavaScriptHelper has been initialised
2020-02-19 09:02:672 INFO  JavaScriptHelper:22 - JavaScriptHelper has been initialised
2020-02-19 09:02:387 ERROR VerificationHelper:31 - element is not Displayed..
2020-02-19 09:02:896 INFO  TestBase:135 - Initialize Web driver: 1823923917
2020-02-19 09:02:896 INFO  WaitHelper:31 - WaitHelper object created..
2020-02-19 09:02:896 INFO  WaitHelper:41 - Implicit Wait has been set to: 120
2020-02-19 09:02:899 INFO  WaitHelper:144 - waiting for page to load for : SECONDS seconds
2020-02-19 09:02:903 INFO  WaitHelper:146 - page is loaded
2020-02-19 09:02:938 INFO  TestBase:76 - **************testRegistrationStarted***************
2020-02-19 09:02:958 INFO  TestBase:135 - Initialize Web driver: 376635015
2020-02-19 09:02:959 INFO  WaitHelper:31 - WaitHelper object created..
2020-02-19 09:02:959 INFO  WaitHelper:41 - Implicit Wait has been set to: 120
2020-02-19 09:02:966 INFO  WaitHelper:144 - waiting for page to load for : SECONDS seconds
2020-02-19 09:02:972 INFO  WaitHelper:146 - page is loaded
2020-02-19 09:02:114 INFO  TestBase:76 - **************verifyLowestFirstPriceListInProduct_deatilsPageStarted***************
2020-02-19 09:02:155 INFO  WaitHelper:31 - WaitHelper object created..
2020-02-19 09:02:175 INFO  WaitHelper:156 - waiting for :[[ChromeDriver: chrome on XP (3742d1b33acc809f6943cfed21f361d7)] -> xpath: //*[@id='block_top_menu']/ul/li[1]/a] for :200 seconds
2020-02-19 09:02:201 INFO  WaitHelper:159 - element is visible now
2020-02-19 09:02:202 INFO  TestBase:168 - capturing ui navigation screen...
2020-02-19 09:02:202 INFO  JavaScriptHelper:22 - JavaScriptHelper has been initialised
2020-02-19 09:02:752 INFO  JavaScriptHelper:22 - JavaScriptHelper has been initialised
2020-02-19 09:02:814 INFO  NavigationMenu:61 - clickin on : WOMEN
2020-02-19 09:02:179 INFO  WaitHelper:31 - WaitHelper object created..
2020-02-19 09:02:196 INFO  WaitHelper:156 - waiting for :[[ChromeDriver: chrome on XP (3742d1b33acc809f6943cfed21f361d7)] -> xpath: //*[@id='layered_block_left']/p] for :200 seconds
2020-02-19 09:02:218 INFO  WaitHelper:159 - element is visible now
2020-02-19 09:02:218 INFO  TestBase:168 - capturing ui navigation screen...
2020-02-19 09:02:218 INFO  JavaScriptHelper:22 - JavaScriptHelper has been initialised
2020-02-19 09:02:696 INFO  JavaScriptHelper:22 - JavaScriptHelper has been initialised
2020-02-19 09:02:736 INFO  DropDownHelper:25 - DropDownHelper object created..
2020-02-19 09:02:793 INFO  DropDownHelper:42 - selectUsingVisibleText and visibleText is: Price: Lowest first
2020-02-19 09:02:946 INFO  ProductCategoryPage:168 - 16.51
2020-02-19 09:02:972 INFO  ProductCategoryPage:168 - 27.00
2020-02-19 09:02:991 INFO  ProductCategoryPage:168 - 26.00
2020-02-19 09:02:11 INFO  ProductCategoryPage:168 - 50.99
2020-02-19 09:02:26 INFO  ProductCategoryPage:168 - 28.98
2020-02-19 09:02:69 INFO  ProductCategoryPage:168 - 30.50
2020-02-19 09:02:86 INFO  ProductCategoryPage:168 - 16.40
2020-02-19 09:02:104 INFO  ProductCategoryPage:152 - obj.get(i)..16
2020-02-19 09:02:104 INFO  ProductCategoryPage:153 - obj.get(i+1)..27
2020-02-19 09:02:104 INFO  ProductCategoryPage:155 - price filter is not working
2020-02-19 09:02:460 INFO  TestBase:94 - **************verifyLowestFirstPriceListInProduct_deatilsPageFinished***************
2020-02-19 13:02:913 INFO  TestBase:135 - Initialize Web driver: 1237912220
2020-02-19 13:02:919 INFO  WaitHelper:31 - WaitHelper object created..
2020-02-19 13:02:919 INFO  WaitHelper:41 - Implicit Wait has been set to: 120
2020-02-19 13:02:925 INFO  WaitHelper:144 - waiting for page to load for : SECONDS seconds
2020-02-19 13:02:931 INFO  WaitHelper:146 - page is loaded
2020-02-19 13:02:105 INFO  TestBase:76 - **************testLoginStarted***************
2020-02-19 13:02:114 INFO  AssertionHelper:22 - making script PASS..
2020-02-19 13:02:124 INFO  TestBase:94 - **************testLoginFinished***************
2020-02-19 13:02:476 INFO  TestBase:76 - **************testLogin1Started***************
2020-02-19 13:02:478 INFO  AssertionHelper:32 - making script FAIL..
2020-02-19 13:02:966 INFO  TestBase:94 - **************testLogin1Finished***************
2020-02-19 13:02:40 INFO  TestBase:76 - **************testLogin2Started***************
2020-02-19 13:02:42 INFO  AssertionHelper:22 - making script PASS..
2020-02-19 13:02:45 INFO  TestBase:94 - **************testLogin2Finished***************
2020-02-19 13:02:111 INFO  TestBase:76 - **************testLogin3Started***************
2020-02-19 13:02:113 INFO  AssertionHelper:32 - making script FAIL..
2020-02-19 13:02:411 INFO  TestBase:94 - **************testLogin3Finished***************
2020-02-20 21:02:117 INFO  TestBase:135 - Initialize Web driver: 1541525668
2020-02-20 21:02:172 INFO  WaitHelper:31 - WaitHelper object created..
2020-02-20 21:02:173 INFO  WaitHelper:41 - Implicit Wait has been set to: 120
2020-02-20 21:02:239 INFO  WaitHelper:144 - waiting for page to load for : SECONDS seconds
2020-02-20 21:02:249 INFO  WaitHelper:146 - page is loaded
2020-02-20 21:02:596 INFO  TestBase:76 - **************testLoginToApplicationStarted***************
2020-02-20 21:02:898 INFO  WaitHelper:31 - WaitHelper object created..
2020-02-20 21:02:450 INFO  WaitHelper:156 - waiting for :[[ChromeDriver: chrome on XP (51b37c5c8b4223cbdc1d412d2c877342)] -> xpath: //*[@id='header']/div[2]/div/div/nav/div[1]/a] for :200 seconds
2020-02-20 21:02:74 INFO  WaitHelper:159 - element is visible now
2020-02-20 21:02:75 INFO  TestBase:168 - capturing ui navigation screen...
2020-02-20 21:02:99 INFO  JavaScriptHelper:22 - JavaScriptHelper has been initialised
2020-02-20 21:02:17 INFO  JavaScriptHelper:22 - JavaScriptHelper has been initialised
2020-02-20 21:02:80 INFO  LoginPage:69 - clicked on sign in link...
2020-02-20 21:02:830 INFO  LoginPage:75 - entering email address....1529686406836@gmail.com
2020-02-20 21:02:25 INFO  LoginPage:81 - entering password....password
2020-02-20 21:02:198 INFO  LoginPage:87 - clicking on submit button...
2020-02-20 21:02:200 INFO  JavaScriptHelper:22 - JavaScriptHelper has been initialised
2020-02-20 21:02:201 INFO  JavaScriptHelper:88 - scrolling down vertically...
2020-02-20 21:02:425 INFO  WaitHelper:31 - WaitHelper object created..
2020-02-20 21:02:454 INFO  WaitHelper:156 - waiting for :[[ChromeDriver: chrome on XP (51b37c5c8b4223cbdc1d412d2c877342)] -> xpath: //*[@id='block_top_menu']/ul/li[1]/a] for :200 seconds
2020-02-20 21:02:484 INFO  WaitHelper:159 - element is visible now
2020-02-20 21:02:485 INFO  TestBase:168 - capturing ui navigation screen...
2020-02-20 21:02:485 INFO  JavaScriptHelper:22 - JavaScriptHelper has been initialised
2020-02-20 21:02:893 INFO  JavaScriptHelper:22 - JavaScriptHelper has been initialised
2020-02-20 21:02:260 ERROR VerificationHelper:31 - element is not Displayed..
2020-02-20 21:02:161 INFO  TestBase:135 - Initialize Web driver: 1541525668
2020-02-20 21:02:277 INFO  WaitHelper:31 - WaitHelper object created..
2020-02-20 21:02:279 INFO  WaitHelper:41 - Implicit Wait has been set to: 120
2020-02-20 21:02:346 INFO  WaitHelper:144 - waiting for page to load for : SECONDS seconds
2020-02-20 21:02:355 INFO  WaitHelper:146 - page is loaded
2020-02-20 21:02:767 INFO  TestBase:76 - **************testLoginToApplicationStarted***************
2020-02-20 21:02:836 INFO  WaitHelper:31 - WaitHelper object created..
2020-02-20 21:02:837 INFO  TestBase:168 - capturing ui navigation screen...
2020-02-20 21:02:839 INFO  JavaScriptHelper:22 - JavaScriptHelper has been initialised
2020-02-20 21:02:556 INFO  JavaScriptHelper:22 - JavaScriptHelper has been initialised
2020-02-20 21:02:580 INFO  LoginPage:75 - entering email address....26929004604@app.f13works.com
2020-02-20 21:02:632 INFO  TestBase:94 - **************testLoginToApplicationFinished***************
2020-02-20 21:02:554 INFO  TestBase:135 - Initialize Web driver: 1541525668
2020-02-20 21:02:561 INFO  WaitHelper:31 - WaitHelper object created..
2020-02-20 21:02:562 INFO  WaitHelper:41 - Implicit Wait has been set to: 120
2020-02-20 21:02:624 INFO  WaitHelper:144 - waiting for page to load for : SECONDS seconds
2020-02-20 21:02:628 INFO  WaitHelper:146 - page is loaded
2020-02-20 21:02:810 INFO  TestBase:76 - **************testLoginToApplicationStarted***************
2020-02-20 21:02:721 INFO  WaitHelper:31 - WaitHelper object created..
2020-02-20 21:02:722 INFO  TestBase:168 - capturing ui navigation screen...
2020-02-20 21:02:789 INFO  JavaScriptHelper:22 - JavaScriptHelper has been initialised
2020-02-20 21:02:111 INFO  TestBase:135 - Initialize Web driver: 1541525668
2020-02-20 21:02:131 INFO  WaitHelper:31 - WaitHelper object created..
2020-02-20 21:02:131 INFO  WaitHelper:41 - Implicit Wait has been set to: 120
2020-02-20 21:02:158 INFO  WaitHelper:144 - waiting for page to load for : SECONDS seconds
2020-02-20 21:02:163 INFO  WaitHelper:146 - page is loaded
2020-02-20 21:02:362 INFO  TestBase:76 - **************testLoginToApplicationStarted***************
2020-02-20 21:02:963 INFO  WaitHelper:31 - WaitHelper object created..
2020-02-20 21:02:965 INFO  TestBase:168 - capturing ui navigation screen...
2020-02-20 21:02:968 INFO  JavaScriptHelper:22 - JavaScriptHelper has been initialised
2020-02-20 21:02:424 INFO  TestBase:135 - Initialize Web driver: 1541525668
2020-02-20 21:02:477 INFO  WaitHelper:31 - WaitHelper object created..
2020-02-20 21:02:478 INFO  WaitHelper:41 - Implicit Wait has been set to: 120
2020-02-20 21:02:566 INFO  WaitHelper:144 - waiting for page to load for : SECONDS seconds
2020-02-20 21:02:573 INFO  WaitHelper:146 - page is loaded
2020-02-20 21:02:782 INFO  TestBase:76 - **************testLoginToApplicationStarted***************
2020-02-20 21:02:617 INFO  WaitHelper:31 - WaitHelper object created..
2020-02-20 21:02:323 INFO  TestBase:135 - Initialize Web driver: 1541525668
2020-02-20 21:02:375 INFO  WaitHelper:31 - WaitHelper object created..
2020-02-20 21:02:375 INFO  WaitHelper:41 - Implicit Wait has been set to: 120
2020-02-20 21:02:438 INFO  WaitHelper:144 - waiting for page to load for : SECONDS seconds
2020-02-20 21:02:449 INFO  WaitHelper:146 - page is loaded
2020-02-20 21:02:665 INFO  TestBase:76 - **************testLoginToApplicationStarted***************
2020-02-20 21:02:30 INFO  WaitHelper:31 - WaitHelper object created..
2020-02-20 21:02:32 INFO  TestBase:168 - capturing ui navigation screen...
2020-02-20 21:02:57 INFO  JavaScriptHelper:22 - JavaScriptHelper has been initialised
2020-02-20 21:02:778 INFO  WaitHelper:156 - waiting for :Proxy element for: DefaultElementLocator 'By.xpath: //*[@id='header']/div[2]/div/div/nav/div[1]/a' for :200 seconds
2020-02-20 21:02:333 INFO  TestBase:94 - **************testLoginToApplicationFinished***************
2020-02-20 22:02:656 INFO  TestBase:135 - Initialize Web driver: 1541525668
2020-02-20 22:02:713 INFO  WaitHelper:31 - WaitHelper object created..
2020-02-20 22:02:714 INFO  WaitHelper:41 - Implicit Wait has been set to: 120
2020-02-20 22:02:743 INFO  WaitHelper:144 - waiting for page to load for : SECONDS seconds
2020-02-20 22:02:765 INFO  WaitHelper:146 - page is loaded
2020-02-20 22:02:188 INFO  TestBase:76 - **************testLoginToApplicationStarted***************
2020-02-20 22:02:275 INFO  LoginPage:72 - entering email address....26929004604@app.f13works.com
2020-02-20 22:02:361 INFO  LoginPage:78 - entering password....26929004604
2020-02-20 22:02:544 INFO  LoginPage:84 - clicking on submit button...
2020-02-20 22:02:675 INFO  WaitHelper:31 - WaitHelper object created..
2020-02-20 22:02:196 INFO  TestBase:135 - Initialize Web driver: 1541525668
2020-02-20 22:02:214 INFO  WaitHelper:31 - WaitHelper object created..
2020-02-20 22:02:215 INFO  WaitHelper:41 - Implicit Wait has been set to: 120
2020-02-20 22:02:254 INFO  WaitHelper:144 - waiting for page to load for : SECONDS seconds
2020-02-20 22:02:262 INFO  WaitHelper:146 - page is loaded
2020-02-20 22:02:524 INFO  TestBase:76 - **************testLoginToApplicationStarted***************
2020-02-20 22:02:847 INFO  TestBase:94 - **************testLoginToApplicationFinished***************
2020-02-20 22:02:440 INFO  TestBase:135 - Initialize Web driver: 1541525668
2020-02-20 22:02:676 INFO  WaitHelper:31 - WaitHelper object created..
2020-02-20 22:02:678 INFO  WaitHelper:41 - Implicit Wait has been set to: 120
2020-02-20 22:02:913 INFO  WaitHelper:144 - waiting for page to load for : SECONDS seconds
2020-02-20 22:02:931 INFO  WaitHelper:146 - page is loaded
2020-02-20 22:02:170 INFO  TestBase:76 - **************testLoginToApplicationStarted***************
2020-02-20 22:02:268 INFO  TestBase:94 - **************testLoginToApplicationFinished***************
2020-02-20 22:02:955 INFO  TestBase:135 - Initialize Web driver: 1541525668
2020-02-20 22:02:174 INFO  WaitHelper:31 - WaitHelper object created..
2020-02-20 22:02:174 INFO  WaitHelper:41 - Implicit Wait has been set to: 120
2020-02-20 22:02:245 INFO  WaitHelper:144 - waiting for page to load for : SECONDS seconds
2020-02-20 22:02:254 INFO  WaitHelper:146 - page is loaded
2020-02-20 22:02:682 INFO  TestBase:76 - **************testLoginToApplicationStarted***************
2020-02-20 22:02:78 INFO  TestBase:94 - **************testLoginToApplicationFinished***************
2020-02-20 23:02:562 INFO  TestBase:135 - Initialize Web driver: 1541525668
2020-02-20 23:02:672 INFO  WaitHelper:31 - WaitHelper object created..
2020-02-20 23:02:674 INFO  WaitHelper:41 - Implicit Wait has been set to: 120
2020-02-20 23:02:765 INFO  WaitHelper:144 - waiting for page to load for : SECONDS seconds
2020-02-20 23:02:770 INFO  WaitHelper:146 - page is loaded
2020-02-20 23:02:127 INFO  TestBase:76 - **************testLoginToApplicationStarted***************
2020-02-20 23:02:971 INFO  LoginPage:75 - entering email address....26929004604@app.f13works.com
2020-02-20 23:02:388 INFO  LoginPage:81 - entering password....26929004604
2020-02-20 23:02:835 INFO  LoginPage:87 - clicking on submit button...
2020-02-20 23:02:488 INFO  WaitHelper:31 - WaitHelper object created..
2020-02-20 23:02:27 INFO  WaitHelper:156 - waiting for :[[ChromeDriver: chrome on XP (99a9f6e262706d13566c5edfe63be7e5)] -> xpath: //span[@class='button-text'][contains(text(),'My supply')]] for :200 seconds
2020-02-20 23:02:200 INFO  WaitHelper:159 - element is visible now
2020-02-20 23:02:201 INFO  TestBase:168 - capturing ui navigation screen...
2020-02-20 23:02:316 INFO  JavaScriptHelper:22 - JavaScriptHelper has been initialised
2020-02-20 23:02:08 INFO  JavaScriptHelper:22 - JavaScriptHelper has been initialised
2020-02-20 23:02:421 ERROR VerificationHelper:31 - element is not Displayed..
2020-02-21 22:02:543 INFO  TestBase:135 - Initialize Web driver: 1541525668
2020-02-21 22:02:719 INFO  WaitHelper:31 - WaitHelper object created..
2020-02-21 22:02:719 INFO  WaitHelper:41 - Implicit Wait has been set to: 120
2020-02-21 22:02:832 INFO  WaitHelper:144 - waiting for page to load for : SECONDS seconds
2020-02-21 22:02:843 INFO  WaitHelper:146 - page is loaded
2020-02-21 22:02:679 INFO  TestBase:76 - **************testLoginToApplicationStarted***************
2020-02-21 22:02:397 INFO  LoginPage:75 - entering email address....26929004604@app.f13works.com
2020-02-21 22:02:904 INFO  LoginPage:81 - entering password....26929004604
2020-02-21 22:02:210 INFO  LoginPage:87 - clicking on submit button...
2020-02-21 22:02:375 INFO  WaitHelper:31 - WaitHelper object created..
2020-02-21 22:02:668 INFO  WaitHelper:156 - waiting for :[[ChromeDriver: chrome on XP (9269ba7767b4bedaaeea7c4f30d8eac2)] -> xpath: //span[@class='button-text'][contains(text(),'My supply')]] for :200 seconds
2020-02-21 22:02:775 INFO  WaitHelper:159 - element is visible now
2020-02-21 22:02:776 INFO  TestBase:168 - capturing ui navigation screen...
2020-02-21 22:02:778 INFO  JavaScriptHelper:22 - JavaScriptHelper has been initialised
2020-02-21 22:02:725 INFO  JavaScriptHelper:22 - JavaScriptHelper has been initialised
2020-02-21 22:02:547 ERROR VerificationHelper:31 - element is not Displayed..
2020-02-22 20:02:96 INFO  TestBase:135 - Initialize Web driver: 1541525668
2020-02-22 20:02:107 INFO  WaitHelper:31 - WaitHelper object created..
2020-02-22 20:02:108 INFO  WaitHelper:41 - Implicit Wait has been set to: 120
2020-02-22 20:02:207 INFO  WaitHelper:144 - waiting for page to load for : SECONDS seconds
2020-02-22 20:02:214 INFO  WaitHelper:146 - page is loaded
2020-02-22 20:02:235 INFO  TestBase:76 - **************testLoginToApplicationStarted***************
2020-02-22 20:02:965 INFO  LoginPage:75 - entering email address....26929004604@app.f13works.com
2020-02-22 20:02:34 INFO  LoginPage:81 - entering password....26929004604
2020-02-22 20:02:248 INFO  LoginPage:87 - clicking on submit button...
2020-02-22 20:02:377 INFO  WaitHelper:31 - WaitHelper object created..
2020-02-22 21:02:478 INFO  WaitHelper:156 - waiting for :[[ChromeDriver: chrome on XP (0a797d3058c8bbde7bce709c34b35f2b)] -> xpath: //span[@class='button-text'][contains(text(),'My supply')]] for :200 seconds
2020-02-22 21:02:768 INFO  WaitHelper:159 - element is visible now
2020-02-22 21:02:769 INFO  TestBase:168 - capturing ui navigation screen...
2020-02-22 21:02:275 INFO  JavaScriptHelper:22 - JavaScriptHelper has been initialised
2020-02-22 21:02:464 INFO  JavaScriptHelper:22 - JavaScriptHelper has been initialised
2020-02-22 21:02:358 ERROR VerificationHelper:31 - element is not Displayed..
2020-02-24 22:02:900 INFO  TestBase:135 - Initialize Web driver: 1541525668
2020-02-24 22:02:45 INFO  WaitHelper:31 - WaitHelper object created..
2020-02-24 22:02:46 INFO  WaitHelper:41 - Implicit Wait has been set to: 120
2020-02-24 22:02:167 INFO  WaitHelper:144 - waiting for page to load for : SECONDS seconds
2020-02-24 22:02:171 INFO  WaitHelper:146 - page is loaded
2020-02-24 22:02:527 INFO  TestBase:76 - **************testLoginToApplicationStarted***************
2020-02-24 22:02:389 INFO  LoginPage:75 - entering email address....26929004604@app.f13works.com
2020-02-24 22:02:629 INFO  LoginPage:81 - entering password....26929004604
2020-02-24 22:02:01 INFO  LoginPage:87 - clicking on submit button...
2020-02-24 22:02:583 INFO  WaitHelper:31 - WaitHelper object created..
2020-02-24 22:02:278 INFO  WaitHelper:156 - waiting for :[[ChromeDriver: chrome on XP (763806f198919d4c5dc247f39fe958c2)] -> xpath: //span[@class='button-text'][contains(text(),'My supply')]] for :200 seconds
2020-02-24 22:02:410 INFO  WaitHelper:159 - element is visible now
2020-02-24 22:02:413 INFO  TestBase:168 - capturing ui navigation screen...
2020-02-24 22:02:712 INFO  JavaScriptHelper:22 - JavaScriptHelper has been initialised
2020-02-25 23:02:05 INFO  TestBase:134 - Initialize Web driver: 1541525668
2020-02-25 23:02:130 INFO  WaitHelper:31 - WaitHelper object created..
2020-02-25 23:02:131 INFO  WaitHelper:41 - Implicit Wait has been set to: 120
2020-02-25 23:02:225 INFO  WaitHelper:144 - waiting for page to load for : SECONDS seconds
2020-02-25 23:02:232 INFO  WaitHelper:146 - page is loaded
2020-02-25 23:02:503 INFO  TestBase:75 - **************testLoginToApplicationStarted***************
2020-02-25 23:02:145 INFO  TestBase:134 - Initialize Web driver: 1541525668
2020-02-25 23:02:151 INFO  WaitHelper:31 - WaitHelper object created..
2020-02-25 23:02:151 INFO  WaitHelper:41 - Implicit Wait has been set to: 120
2020-02-25 23:02:161 INFO  WaitHelper:144 - waiting for page to load for : SECONDS seconds
2020-02-25 23:02:170 INFO  WaitHelper:146 - page is loaded
2020-02-25 23:02:344 INFO  TestBase:75 - **************testLoginToApplicationStarted***************
2020-02-25 23:02:259 INFO  LoginPage:58 - entering emailSupply....26929004604@app.f13works.com
2020-02-25 23:02:63 INFO  LoginPage:64 - entering passwordSupply....26929004604
2020-02-25 23:02:255 INFO  LoginPage:70 - clicking on submit button...
2020-02-25 23:02:434 INFO  WaitHelper:31 - WaitHelper object created..
2020-02-25 23:02:223 INFO  WaitHelper:156 - waiting for :[[ChromeDriver: chrome on XP (8bfeda0ff1cfc1211ea99a70e742a37f)] -> xpath: //span[@class='button-text'][contains(text(),'My supply')]] for :200 seconds
2020-02-25 23:02:499 INFO  WaitHelper:159 - element is visible now
2020-02-25 23:02:500 INFO  TestBase:167 - capturing ui navigation screen...
2020-02-25 23:02:502 INFO  JavaScriptHelper:22 - JavaScriptHelper has been initialised
2020-02-25 23:02:561 INFO  JavaScriptHelper:22 - JavaScriptHelper has been initialised
2020-02-25 23:02:615 INFO  TestBase:93 - **************testLoginToApplicationFinished***************
2020-02-26 00:02:128 INFO  TestBase:134 - Initialize Web driver: 1096485705
2020-02-26 00:02:266 INFO  WaitHelper:31 - WaitHelper object created..
2020-02-26 00:02:267 INFO  WaitHelper:41 - Implicit Wait has been set to: 120
2020-02-26 00:02:320 INFO  WaitHelper:144 - waiting for page to load for : SECONDS seconds
2020-02-26 00:02:328 INFO  WaitHelper:146 - page is loaded
2020-02-26 00:02:596 INFO  TestBase:75 - **************testLoginToApplicationStarted***************
2020-02-26 00:02:100 INFO  LoginPage:58 - entering emailSupply....26929004604@app.f13works.com
2020-02-26 00:02:880 INFO  LoginPage:64 - entering passwordSupply....26929004604
2020-02-26 00:02:98 INFO  LoginPage:70 - clicking on submit button...
2020-02-26 00:02:309 INFO  WaitHelper:31 - WaitHelper object created..
2020-02-26 00:02:797 INFO  WaitHelper:156 - waiting for :[[ChromeDriver: chrome on XP (6580b9382b23708f2bcf3f8942a29e31)] -> xpath: //span[@class='button-text'][contains(text(),'My supply')]] for :200 seconds
2020-02-26 00:02:959 INFO  WaitHelper:159 - element is visible now
2020-02-26 00:02:960 INFO  TestBase:167 - capturing ui navigation screen...
2020-02-26 00:02:26 INFO  JavaScriptHelper:22 - JavaScriptHelper has been initialised
2020-02-26 00:02:874 INFO  JavaScriptHelper:22 - JavaScriptHelper has been initialised
2020-02-26 00:02:598 INFO  TestBase:93 - **************testLoginToApplicationFinished***************
2020-02-26 01:02:09 INFO  TestBase:134 - Initialize Web driver: 1096485705
2020-02-26 01:02:40 INFO  WaitHelper:31 - WaitHelper object created..
2020-02-26 01:02:43 INFO  WaitHelper:41 - Implicit Wait has been set to: 120
2020-02-26 01:02:95 INFO  WaitHelper:144 - waiting for page to load for : SECONDS seconds
2020-02-26 01:02:104 INFO  WaitHelper:146 - page is loaded
2020-02-26 01:02:320 INFO  TestBase:75 - **************testLoginToApplicationStarted***************
2020-02-26 01:02:579 INFO  LoginPageRetail:58 - entering emailRetail....26929004604@app.f13works.com
2020-02-26 01:02:88 INFO  LoginPageRetail:58 - entering emailRetail....24868094032
2020-02-26 01:02:227 INFO  LoginPageRetail:70 - clicking on submit button...
2020-02-26 01:02:758 INFO  WaitHelper:31 - WaitHelper object created..
2020-02-26 01:02:303 INFO  TestBase:134 - Initialize Web driver: 1096485705
2020-02-26 01:02:319 INFO  WaitHelper:31 - WaitHelper object created..
2020-02-26 01:02:320 INFO  WaitHelper:41 - Implicit Wait has been set to: 120
2020-02-26 01:02:347 INFO  WaitHelper:144 - waiting for page to load for : SECONDS seconds
2020-02-26 01:02:354 INFO  WaitHelper:146 - page is loaded
2020-02-26 01:02:777 INFO  TestBase:75 - **************testLoginToApplicationStarted***************
2020-02-26 01:02:123 INFO  LoginPageRetail:58 - entering emailRetail....26929004604@app.f13works.com
2020-02-26 01:02:668 INFO  LoginPageRetail:58 - entering emailRetail....24868094032
2020-02-26 01:02:828 INFO  LoginPageRetail:70 - clicking on submit button...
2020-02-26 01:02:65 INFO  WaitHelper:31 - WaitHelper object created..
2020-02-26 01:02:208 INFO  TestBase:134 - Initialize Web driver: 2100440237
2020-02-26 01:02:567 INFO  WaitHelper:31 - WaitHelper object created..
2020-02-26 01:02:568 INFO  WaitHelper:41 - Implicit Wait has been set to: 120
2020-02-26 01:02:659 INFO  WaitHelper:144 - waiting for page to load for : SECONDS seconds
2020-02-26 01:02:667 INFO  WaitHelper:146 - page is loaded
2020-02-26 01:02:155 INFO  TestBase:75 - **************testLoginToApplicationStarted***************
2020-02-26 01:02:415 INFO  LoginPageSupply:59 - entering emailSupply....26929004604@app.f13works.com
2020-02-26 01:02:906 INFO  LoginPageSupply:65 - entering passwordSupply....26929004604
2020-02-26 01:02:171 INFO  LoginPageSupply:71 - clicking on submit button...
2020-02-26 01:02:813 INFO  WaitHelper:31 - WaitHelper object created..
2020-02-26 01:02:129 INFO  TestBase:134 - Initialize Web driver: 1096485705
2020-02-26 01:02:139 INFO  WaitHelper:31 - WaitHelper object created..
2020-02-26 01:02:140 INFO  WaitHelper:41 - Implicit Wait has been set to: 120
2020-02-26 01:02:152 INFO  WaitHelper:144 - waiting for page to load for : SECONDS seconds
2020-02-26 01:02:157 INFO  WaitHelper:146 - page is loaded
2020-02-26 01:02:337 INFO  TestBase:75 - **************testLoginToApplicationStarted***************
2020-02-26 01:02:655 INFO  LoginPageRetail:58 - entering emailRetail....26929004604@app.f13works.com
2020-02-26 01:02:892 INFO  LoginPageRetail:58 - entering emailRetail....24868094032
2020-02-26 01:02:40 INFO  LoginPageRetail:70 - clicking on submit button...
2020-02-26 01:02:204 INFO  WaitHelper:31 - WaitHelper object created..
2020-02-26 01:02:829 INFO  TestBase:134 - Initialize Web driver: 1096485705
2020-02-26 01:02:862 INFO  WaitHelper:31 - WaitHelper object created..
2020-02-26 01:02:862 INFO  WaitHelper:41 - Implicit Wait has been set to: 120
2020-02-26 01:02:872 INFO  WaitHelper:144 - waiting for page to load for : SECONDS seconds
2020-02-26 01:02:881 INFO  WaitHelper:146 - page is loaded
2020-02-26 01:02:76 INFO  TestBase:75 - **************testLoginToApplicationStarted***************
2020-02-26 01:02:188 INFO  LoginPageRetail:58 - entering emailRetail....26929004604@app.f13works.com
2020-02-26 01:02:121 INFO  LoginPageRetail:64 - entering passwordRetail....24868094032
2020-02-26 01:02:315 INFO  LoginPageRetail:70 - clicking on submit button...
2020-02-26 01:02:433 INFO  WaitHelper:31 - WaitHelper object created..
2020-02-26 01:02:310 INFO  TestBase:134 - Initialize Web driver: 1096485705
2020-02-26 01:02:151 INFO  WaitHelper:31 - WaitHelper object created..
2020-02-26 01:02:151 INFO  WaitHelper:41 - Implicit Wait has been set to: 120
2020-02-26 01:02:471 INFO  WaitHelper:144 - waiting for page to load for : SECONDS seconds
2020-02-26 01:02:480 INFO  WaitHelper:146 - page is loaded
2020-02-26 01:02:919 INFO  TestBase:75 - **************testLoginToApplicationStarted***************
2020-02-26 01:02:659 INFO  LoginPageRetail:58 - entering emailRetail....26929004604@app.f13works.com
2020-02-26 01:02:585 INFO  LoginPageRetail:64 - entering passwordRetail....24868094032
2020-02-26 01:02:944 INFO  LoginPageRetail:70 - clicking on submit button...
2020-02-26 01:02:168 INFO  WaitHelper:31 - WaitHelper object created..
2020-02-26 01:02:551 INFO  WaitHelper:156 - waiting for :Proxy element for: DefaultElementLocator 'By.xpath: //span[@class='button-text'][contains(text(),'My supply')]' for :200 seconds
2020-02-26 01:02:27 INFO  TestBase:134 - Initialize Web driver: 1096485705
2020-02-26 01:02:713 INFO  WaitHelper:31 - WaitHelper object created..
2020-02-26 01:02:715 INFO  WaitHelper:41 - Implicit Wait has been set to: 120
2020-02-26 01:02:804 INFO  WaitHelper:144 - waiting for page to load for : SECONDS seconds
2020-02-26 01:02:811 INFO  WaitHelper:146 - page is loaded
2020-02-26 01:02:235 INFO  TestBase:75 - **************testLoginToApplicationStarted***************
2020-02-26 01:02:241 INFO  LoginPageRetail:58 - entering emailRetail....26929004604@app.f13works.com
2020-02-26 01:02:703 INFO  LoginPageRetail:64 - entering passwordRetail....24868094032
2020-02-26 01:02:943 INFO  LoginPageRetail:70 - clicking on submit button...
2020-02-26 01:02:197 INFO  WaitHelper:31 - WaitHelper object created..
2020-02-26 01:02:166 INFO  TestBase:93 - **************testLoginToApplicationFinished***************
